  IMediaWrapper.hpp
  MusicPlayer.cpp
  MusicPlayerWrapper.cpp
  VideoPlayer.cpp
  VideoPlayer.hpp
  VideoPlayerWrapper.cpp
C:\Uni\hsd\sdp\Git\Uebung03\Uebung03\Uebung03\VideoPlayerWrapper.cpp(5,18): error C2665: "std::shared_ptr<VideoPlayer>::shared_ptr": Keine überladene Funktion konnte alle Argumenttypen konvertieren
C:\Program Files\Microsoft Visual Studio\2022\Community\VC\Tools\MSVC\14.37.32822\include\memory(1575,5): message : kann "std::shared_ptr<VideoPlayer>::shared_ptr(std::nullptr_t) noexcept" sein
C:\Uni\hsd\sdp\Git\Uebung03\Uebung03\Uebung03\VideoPlayerWrapper.cpp(5,18): message : "std::shared_ptr<VideoPlayer>::shared_ptr(std::nullptr_t) noexcept" : Konvertierung von Argument 1 von "std::shared_ptr<VideoPlayerWrapper>" in "std::nullptr_t" nicht möglich
C:\Uni\hsd\sdp\Git\Uebung03\Uebung03\Uebung03\VideoPlayerWrapper.cpp(5,19): message : Kein benutzerdefinierter Konvertierungsoperator verfügbar, der diese Konvertierung durchführen kann, oder der Operator kann nicht aufgerufen werden
C:\Program Files\Microsoft Visual Studio\2022\Community\VC\Tools\MSVC\14.37.32822\include\memory(1670,5): message : oder "std::shared_ptr<VideoPlayer>::shared_ptr(std::unique_ptr<_Ux,_Dx> &&)"
C:\Uni\hsd\sdp\Git\Uebung03\Uebung03\Uebung03\VideoPlayerWrapper.cpp(5,18): message : „std::shared_ptr<VideoPlayer>::shared_ptr(std::unique_ptr<_Ux,_Dx> &&)“: Das Vorlage-Argument für „std::unique_ptr<_Ux,_Dx> &&“ konnte nicht von „std::shared_ptr<VideoPlayerWrapper>“ abgeleitet werden.
C:\Program Files\Microsoft Visual Studio\2022\Community\VC\Tools\MSVC\14.37.32822\include\memory(1659,5): message : oder "std::shared_ptr<VideoPlayer>::shared_ptr(std::auto_ptr<_Other> &&)"
C:\Uni\hsd\sdp\Git\Uebung03\Uebung03\Uebung03\VideoPlayerWrapper.cpp(5,18): message : „std::shared_ptr<VideoPlayer>::shared_ptr(std::auto_ptr<_Other> &&)“: Das Vorlage-Argument für „std::auto_ptr<_Other> &&“ konnte nicht von „std::shared_ptr<VideoPlayerWrapper>“ abgeleitet werden.
C:\Program Files\Microsoft Visual Studio\2022\Community\VC\Tools\MSVC\14.37.32822\include\memory(1651,5): message : oder "std::shared_ptr<VideoPlayer>::shared_ptr(const std::weak_ptr<_Ty2> &)"
C:\Uni\hsd\sdp\Git\Uebung03\Uebung03\Uebung03\VideoPlayerWrapper.cpp(5,18): message : „std::shared_ptr<VideoPlayer>::shared_ptr(const std::weak_ptr<_Ty2> &)“: Das Vorlage-Argument für „const std::weak_ptr<_Ty2> &“ konnte nicht von „std::shared_ptr<VideoPlayerWrapper>“ abgeleitet werden.
C:\Program Files\Microsoft Visual Studio\2022\Community\VC\Tools\MSVC\14.37.32822\include\memory(1646,5): message : oder "std::shared_ptr<VideoPlayer>::shared_ptr(std::shared_ptr<_Ty2> &&) noexcept"
C:\Uni\hsd\sdp\Git\Uebung03\Uebung03\Uebung03\VideoPlayerWrapper.cpp(5,18): message : „std::shared_ptr<VideoPlayer>::shared_ptr(std::shared_ptr<_Ty2> &&) noexcept“: Das Vorlage-Argument für „__formal“ konnte nicht abgeleitet werden.
C:\Program Files\Microsoft Visual Studio\2022\Community\VC\Tools\MSVC\14.37.32822\include\memory(1636,5): message : oder "std::shared_ptr<VideoPlayer>::shared_ptr(const std::shared_ptr<_Ty2> &) noexcept"
C:\Uni\hsd\sdp\Git\Uebung03\Uebung03\Uebung03\VideoPlayerWrapper.cpp(5,18): message : „std::shared_ptr<VideoPlayer>::shared_ptr(const std::shared_ptr<_Ty2> &) noexcept“: Das Vorlage-Argument für „__formal“ konnte nicht abgeleitet werden.
C:\Program Files\Microsoft Visual Studio\2022\Community\VC\Tools\MSVC\14.37.32822\include\memory(1626,5): message : oder "std::shared_ptr<VideoPlayer>::shared_ptr(std::shared_ptr<_Ty2> &&,VideoPlayer *) noexcept"
C:\Uni\hsd\sdp\Git\Uebung03\Uebung03\Uebung03\VideoPlayerWrapper.cpp(5,18): message : „std::shared_ptr<VideoPlayer>::shared_ptr(std::shared_ptr<_Ty2> &&,VideoPlayer *) noexcept“ erwartet, dass 2 Argumente – 1 angegeben werden.
C:\Program Files\Microsoft Visual Studio\2022\Community\VC\Tools\MSVC\14.37.32822\include\memory(1620,5): message : oder "std::shared_ptr<VideoPlayer>::shared_ptr(const std::shared_ptr<_Ty2> &,VideoPlayer *) noexcept"
C:\Uni\hsd\sdp\Git\Uebung03\Uebung03\Uebung03\VideoPlayerWrapper.cpp(5,18): message : „std::shared_ptr<VideoPlayer>::shared_ptr(const std::shared_ptr<_Ty2> &,VideoPlayer *) noexcept“ erwartet, dass 2 Argumente – 1 angegeben werden.
C:\Program Files\Microsoft Visual Studio\2022\Community\VC\Tools\MSVC\14.37.32822\include\memory(1615,5): message : oder "std::shared_ptr<VideoPlayer>::shared_ptr(std::nullptr_t,_Dx,_Alloc)"
C:\Uni\hsd\sdp\Git\Uebung03\Uebung03\Uebung03\VideoPlayerWrapper.cpp(5,18): message : „std::shared_ptr<VideoPlayer>::shared_ptr(std::nullptr_t,_Dx,_Alloc)“ erwartet, dass 3 Argumente – 1 angegeben werden.
C:\Program Files\Microsoft Visual Studio\2022\Community\VC\Tools\MSVC\14.37.32822\include\memory(1609,5): message : oder "std::shared_ptr<VideoPlayer>::shared_ptr(std::nullptr_t,_Dx)"
C:\Uni\hsd\sdp\Git\Uebung03\Uebung03\Uebung03\VideoPlayerWrapper.cpp(5,18): message : „std::shared_ptr<VideoPlayer>::shared_ptr(std::nullptr_t,_Dx)“ erwartet, dass 2 Argumente – 1 angegeben werden.
C:\Program Files\Microsoft Visual Studio\2022\Community\VC\Tools\MSVC\14.37.32822\include\memory(1603,5): message : oder "std::shared_ptr<VideoPlayer>::shared_ptr(_Ux *,_Dx,_Alloc)"
C:\Uni\hsd\sdp\Git\Uebung03\Uebung03\Uebung03\VideoPlayerWrapper.cpp(5,18): message : „std::shared_ptr<VideoPlayer>::shared_ptr(_Ux *,_Dx,_Alloc)“ erwartet, dass 3 Argumente – 1 angegeben werden.
C:\Program Files\Microsoft Visual Studio\2022\Community\VC\Tools\MSVC\14.37.32822\include\memory(1595,5): message : oder "std::shared_ptr<VideoPlayer>::shared_ptr(_Ux *,_Dx)"
C:\Uni\hsd\sdp\Git\Uebung03\Uebung03\Uebung03\VideoPlayerWrapper.cpp(5,18): message : „std::shared_ptr<VideoPlayer>::shared_ptr(_Ux *,_Dx)“ erwartet, dass 2 Argumente – 1 angegeben werden.
C:\Program Files\Microsoft Visual Studio\2022\Community\VC\Tools\MSVC\14.37.32822\include\memory(1581,5): message : oder "std::shared_ptr<VideoPlayer>::shared_ptr(_Ux *)"
C:\Uni\hsd\sdp\Git\Uebung03\Uebung03\Uebung03\VideoPlayerWrapper.cpp(5,18): message : „std::shared_ptr<VideoPlayer>::shared_ptr(_Ux *)“: Das Vorlage-Argument für „_Ux *“ konnte nicht von „std::shared_ptr<VideoPlayerWrapper>“ abgeleitet werden.
C:\Uni\hsd\sdp\Git\Uebung03\Uebung03\Uebung03\VideoPlayerWrapper.cpp(5,18): message : bei Anpassung der Argumentliste "(std::shared_ptr<VideoPlayerWrapper>)"
  Code wird generiert...
